Determining if the pthread_create exist failed with the following output:
Change Dir: /home/sumitomo/Documents/SumiyomoAGV/sumitomo_ws/build/puzzlebot_gazebo/CMakeFiles/CMakeTmp

Run Build Command:"/usr/bin/make" "cmTC_39b4e/fast"
/usr/bin/make -f CMakeFiles/cmTC_39b4e.dir/build.make CMakeFiles/cmTC_39b4e.dir/build
make[1]: Entering directory '/home/sumitomo/Documents/SumiyomoAGV/sumitomo_ws/build/puzzlebot_gazebo/CMakeFiles/CMakeTmp'
Building C object CMakeFiles/cmTC_39b4e.dir/CheckSymbolExists.c.o
/usr/bin/cc    -o CMakeFiles/cmTC_39b4e.dir/CheckSymbolExists.c.o   -c /home/sumitomo/Documents/SumiyomoAGV/sumitomo_ws/build/puzzlebot_gazebo/CMakeFiles/CMakeTmp/CheckSymbolExists.c
Linking C executable cmTC_39b4e
/usr/bin/cmake -E cmake_link_script CMakeFiles/cmTC_39b4e.dir/link.txt --verbose=1
/usr/bin/cc      -rdynamic CMakeFiles/cmTC_39b4e.dir/CheckSymbolExists.c.o  -o cmTC_39b4e 
CMakeFiles/cmTC_39b4e.dir/CheckSymbolExists.c.o: In function `main':
CheckSymbolExists.c:(.text+0x14): undefined reference to `pthread_create'
CheckSymbolExists.c:(.text+0x18): undefined reference to `pthread_create'
collect2: error: ld returned 1 exit status
CMakeFiles/cmTC_39b4e.dir/build.make:97: recipe for target 'cmTC_39b4e' failed
make[1]: *** [cmTC_39b4e] Error 1
make[1]: Leaving directory '/home/sumitomo/Documents/SumiyomoAGV/sumitomo_ws/build/puzzlebot_gazebo/CMakeFiles/CMakeTmp'
Makefile:126: recipe for target 'cmTC_39b4e/fast' failed
make: *** [cmTC_39b4e/fast] Error 2

File /home/sumitomo/Documents/SumiyomoAGV/sumitomo_ws/build/puzzlebot_gazebo/CMakeFiles/CMakeTmp/CheckSymbolExists.c:
/* */
#include <pthread.h>

int main(int argc, char** argv)
{
  (void)argv;
#ifndef pthread_create
  return ((int*)(&pthread_create))[argc];
#else
  (void)argc;
  return 0;
#endif
}

Determining if the function pthread_create exists in the pthreads failed with the following output:
Change Dir: /home/sumitomo/Documents/SumiyomoAGV/sumitomo_ws/build/puzzlebot_gazebo/CMakeFiles/CMakeTmp

Run Build Command:"/usr/bin/make" "cmTC_41f1a/fast"
/usr/bin/make -f CMakeFiles/cmTC_41f1a.dir/build.make CMakeFiles/cmTC_41f1a.dir/build
make[1]: Entering directory '/home/sumitomo/Documents/SumiyomoAGV/sumitomo_ws/build/puzzlebot_gazebo/CMakeFiles/CMakeTmp'
Building C object CMakeFiles/cmTC_41f1a.dir/CheckFunctionExists.c.o
/usr/bin/cc   -DCHECK_FUNCTION_EXISTS=pthread_create   -o CMakeFiles/cmTC_41f1a.dir/CheckFunctionExists.c.o   -c /usr/share/cmake-3.10/Modules/CheckFunctionExists.c
Linking C executable cmTC_41f1a
/usr/bin/cmake -E cmake_link_script CMakeFiles/cmTC_41f1a.dir/link.txt --verbose=1
/usr/bin/cc  -DCHECK_FUNCTION_EXISTS=pthread_create    -rdynamic CMakeFiles/cmTC_41f1a.dir/CheckFunctionExists.c.o  -o cmTC_41f1a -lpthreads 
/usr/bin/ld: cannot find -lpthreads
collect2: error: ld returned 1 exit status
CMakeFiles/cmTC_41f1a.dir/build.make:97: recipe for target 'cmTC_41f1a' failed
make[1]: *** [cmTC_41f1a] Error 1
make[1]: Leaving directory '/home/sumitomo/Documents/SumiyomoAGV/sumitomo_ws/build/puzzlebot_gazebo/CMakeFiles/CMakeTmp'
Makefile:126: recipe for target 'cmTC_41f1a/fast' failed
make: *** [cmTC_41f1a/fast] Error 2


