Determining if the pthread_create exist failed with the following output:
Change Dir: /home/sumitomo/Documents/SumiyomoAGV/sumitomo_ws/build/catkin_tools_prebuild/CMakeFiles/CMakeTmp

Run Build Command:"/usr/bin/make" "cmTC_a2fbf/fast"
/usr/bin/make -f CMakeFiles/cmTC_a2fbf.dir/build.make CMakeFiles/cmTC_a2fbf.dir/build
make[1]: Entering directory '/home/sumitomo/Documents/SumiyomoAGV/sumitomo_ws/build/catkin_tools_prebuild/CMakeFiles/CMakeTmp'
Building C object CMakeFiles/cmTC_a2fbf.dir/CheckSymbolExists.c.o
/usr/bin/cc    -o CMakeFiles/cmTC_a2fbf.dir/CheckSymbolExists.c.o   -c /home/sumitomo/Documents/SumiyomoAGV/sumitomo_ws/build/catkin_tools_prebuild/CMakeFiles/CMakeTmp/CheckSymbolExists.c
Linking C executable cmTC_a2fbf
/usr/bin/cmake -E cmake_link_script CMakeFiles/cmTC_a2fbf.dir/link.txt --verbose=1
/usr/bin/cc      -rdynamic CMakeFiles/cmTC_a2fbf.dir/CheckSymbolExists.c.o  -o cmTC_a2fbf 
CMakeFiles/cmTC_a2fbf.dir/CheckSymbolExists.c.o: In function `main':
CheckSymbolExists.c:(.text+0x14): undefined reference to `pthread_create'
CheckSymbolExists.c:(.text+0x18): undefined reference to `pthread_create'
collect2: error: ld returned 1 exit status
CMakeFiles/cmTC_a2fbf.dir/build.make:97: recipe for target 'cmTC_a2fbf' failed
make[1]: *** [cmTC_a2fbf] Error 1
make[1]: Leaving directory '/home/sumitomo/Documents/SumiyomoAGV/sumitomo_ws/build/catkin_tools_prebuild/CMakeFiles/CMakeTmp'
Makefile:126: recipe for target 'cmTC_a2fbf/fast' failed
make: *** [cmTC_a2fbf/fast] Error 2

File /home/sumitomo/Documents/SumiyomoAGV/sumitomo_ws/build/catkin_tools_prebuild/CMakeFiles/CMakeTmp/CheckSymbolExists.c:
/* */
#include <pthread.h>

int main(int argc, char** argv)
{
  (void)argv;
#ifndef pthread_create
  return ((int*)(&pthread_create))[argc];
#else
  (void)argc;
  return 0;
#endif
}

Determining if the function pthread_create exists in the pthreads failed with the following output:
Change Dir: /home/sumitomo/Documents/SumiyomoAGV/sumitomo_ws/build/catkin_tools_prebuild/CMakeFiles/CMakeTmp

Run Build Command:"/usr/bin/make" "cmTC_96381/fast"
/usr/bin/make -f CMakeFiles/cmTC_96381.dir/build.make CMakeFiles/cmTC_96381.dir/build
make[1]: Entering directory '/home/sumitomo/Documents/SumiyomoAGV/sumitomo_ws/build/catkin_tools_prebuild/CMakeFiles/CMakeTmp'
Building C object CMakeFiles/cmTC_96381.dir/CheckFunctionExists.c.o
/usr/bin/cc   -DCHECK_FUNCTION_EXISTS=pthread_create   -o CMakeFiles/cmTC_96381.dir/CheckFunctionExists.c.o   -c /usr/share/cmake-3.10/Modules/CheckFunctionExists.c
Linking C executable cmTC_96381
/usr/bin/cmake -E cmake_link_script CMakeFiles/cmTC_96381.dir/link.txt --verbose=1
/usr/bin/cc  -DCHECK_FUNCTION_EXISTS=pthread_create    -rdynamic CMakeFiles/cmTC_96381.dir/CheckFunctionExists.c.o  -o cmTC_96381 -lpthreads 
/usr/bin/ld: cannot find -lpthreads
collect2: error: ld returned 1 exit status
CMakeFiles/cmTC_96381.dir/build.make:97: recipe for target 'cmTC_96381' failed
make[1]: *** [cmTC_96381] Error 1
make[1]: Leaving directory '/home/sumitomo/Documents/SumiyomoAGV/sumitomo_ws/build/catkin_tools_prebuild/CMakeFiles/CMakeTmp'
Makefile:126: recipe for target 'cmTC_96381/fast' failed
make: *** [cmTC_96381/fast] Error 2


