Determining if the pthread_create exist failed with the following output:
Change Dir: /home/sumitomo/Documents/SumiyomoAGV/sumitomo_ws/build/rosserial_chibios/CMakeFiles/CMakeTmp

Run Build Command:"/usr/bin/make" "cmTC_21ab4/fast"
/usr/bin/make -f CMakeFiles/cmTC_21ab4.dir/build.make CMakeFiles/cmTC_21ab4.dir/build
make[1]: Entering directory '/home/sumitomo/Documents/SumiyomoAGV/sumitomo_ws/build/rosserial_chibios/CMakeFiles/CMakeTmp'
Building C object CMakeFiles/cmTC_21ab4.dir/CheckSymbolExists.c.o
/usr/bin/cc    -o CMakeFiles/cmTC_21ab4.dir/CheckSymbolExists.c.o   -c /home/sumitomo/Documents/SumiyomoAGV/sumitomo_ws/build/rosserial_chibios/CMakeFiles/CMakeTmp/CheckSymbolExists.c
Linking C executable cmTC_21ab4
/usr/bin/cmake -E cmake_link_script CMakeFiles/cmTC_21ab4.dir/link.txt --verbose=1
/usr/bin/cc      -rdynamic CMakeFiles/cmTC_21ab4.dir/CheckSymbolExists.c.o  -o cmTC_21ab4 
CMakeFiles/cmTC_21ab4.dir/CheckSymbolExists.c.o: In function `main':
CheckSymbolExists.c:(.text+0x14): undefined reference to `pthread_create'
CheckSymbolExists.c:(.text+0x18): undefined reference to `pthread_create'
collect2: error: ld returned 1 exit status
CMakeFiles/cmTC_21ab4.dir/build.make:97: recipe for target 'cmTC_21ab4' failed
make[1]: *** [cmTC_21ab4] Error 1
make[1]: Leaving directory '/home/sumitomo/Documents/SumiyomoAGV/sumitomo_ws/build/rosserial_chibios/CMakeFiles/CMakeTmp'
Makefile:126: recipe for target 'cmTC_21ab4/fast' failed
make: *** [cmTC_21ab4/fast] Error 2

File /home/sumitomo/Documents/SumiyomoAGV/sumitomo_ws/build/rosserial_chibios/CMakeFiles/CMakeTmp/CheckSymbolExists.c:
/* */
#include <pthread.h>

int main(int argc, char** argv)
{
  (void)argv;
#ifndef pthread_create
  return ((int*)(&pthread_create))[argc];
#else
  (void)argc;
  return 0;
#endif
}

Determining if the function pthread_create exists in the pthreads failed with the following output:
Change Dir: /home/sumitomo/Documents/SumiyomoAGV/sumitomo_ws/build/rosserial_chibios/CMakeFiles/CMakeTmp

Run Build Command:"/usr/bin/make" "cmTC_f8948/fast"
/usr/bin/make -f CMakeFiles/cmTC_f8948.dir/build.make CMakeFiles/cmTC_f8948.dir/build
make[1]: Entering directory '/home/sumitomo/Documents/SumiyomoAGV/sumitomo_ws/build/rosserial_chibios/CMakeFiles/CMakeTmp'
Building C object CMakeFiles/cmTC_f8948.dir/CheckFunctionExists.c.o
/usr/bin/cc   -DCHECK_FUNCTION_EXISTS=pthread_create   -o CMakeFiles/cmTC_f8948.dir/CheckFunctionExists.c.o   -c /usr/share/cmake-3.10/Modules/CheckFunctionExists.c
Linking C executable cmTC_f8948
/usr/bin/cmake -E cmake_link_script CMakeFiles/cmTC_f8948.dir/link.txt --verbose=1
/usr/bin/cc  -DCHECK_FUNCTION_EXISTS=pthread_create    -rdynamic CMakeFiles/cmTC_f8948.dir/CheckFunctionExists.c.o  -o cmTC_f8948 -lpthreads 
/usr/bin/ld: cannot find -lpthreads
collect2: error: ld returned 1 exit status
CMakeFiles/cmTC_f8948.dir/build.make:97: recipe for target 'cmTC_f8948' failed
make[1]: *** [cmTC_f8948] Error 1
make[1]: Leaving directory '/home/sumitomo/Documents/SumiyomoAGV/sumitomo_ws/build/rosserial_chibios/CMakeFiles/CMakeTmp'
Makefile:126: recipe for target 'cmTC_f8948/fast' failed
make: *** [cmTC_f8948/fast] Error 2


