Determining if the pthread_create exist failed with the following output:
Change Dir: /home/sumitomo/Documents/SumiyomoAGV/sumitomo_ws/build/rosserial_msgs/CMakeFiles/CMakeTmp

Run Build Command:"/usr/bin/make" "cmTC_11aee/fast"
/usr/bin/make -f CMakeFiles/cmTC_11aee.dir/build.make CMakeFiles/cmTC_11aee.dir/build
make[1]: Entering directory '/home/sumitomo/Documents/SumiyomoAGV/sumitomo_ws/build/rosserial_msgs/CMakeFiles/CMakeTmp'
Building C object CMakeFiles/cmTC_11aee.dir/CheckSymbolExists.c.o
/usr/bin/cc    -o CMakeFiles/cmTC_11aee.dir/CheckSymbolExists.c.o   -c /home/sumitomo/Documents/SumiyomoAGV/sumitomo_ws/build/rosserial_msgs/CMakeFiles/CMakeTmp/CheckSymbolExists.c
Linking C executable cmTC_11aee
/usr/bin/cmake -E cmake_link_script CMakeFiles/cmTC_11aee.dir/link.txt --verbose=1
/usr/bin/cc      -rdynamic CMakeFiles/cmTC_11aee.dir/CheckSymbolExists.c.o  -o cmTC_11aee 
CMakeFiles/cmTC_11aee.dir/CheckSymbolExists.c.o: In function `main':
CheckSymbolExists.c:(.text+0x14): undefined reference to `pthread_create'
CheckSymbolExists.c:(.text+0x18): undefined reference to `pthread_create'
collect2: error: ld returned 1 exit status
CMakeFiles/cmTC_11aee.dir/build.make:97: recipe for target 'cmTC_11aee' failed
make[1]: *** [cmTC_11aee] Error 1
make[1]: Leaving directory '/home/sumitomo/Documents/SumiyomoAGV/sumitomo_ws/build/rosserial_msgs/CMakeFiles/CMakeTmp'
Makefile:126: recipe for target 'cmTC_11aee/fast' failed
make: *** [cmTC_11aee/fast] Error 2

File /home/sumitomo/Documents/SumiyomoAGV/sumitomo_ws/build/rosserial_msgs/CMakeFiles/CMakeTmp/CheckSymbolExists.c:
/* */
#include <pthread.h>

int main(int argc, char** argv)
{
  (void)argv;
#ifndef pthread_create
  return ((int*)(&pthread_create))[argc];
#else
  (void)argc;
  return 0;
#endif
}

Determining if the function pthread_create exists in the pthreads failed with the following output:
Change Dir: /home/sumitomo/Documents/SumiyomoAGV/sumitomo_ws/build/rosserial_msgs/CMakeFiles/CMakeTmp

Run Build Command:"/usr/bin/make" "cmTC_6d12d/fast"
/usr/bin/make -f CMakeFiles/cmTC_6d12d.dir/build.make CMakeFiles/cmTC_6d12d.dir/build
make[1]: Entering directory '/home/sumitomo/Documents/SumiyomoAGV/sumitomo_ws/build/rosserial_msgs/CMakeFiles/CMakeTmp'
Building C object CMakeFiles/cmTC_6d12d.dir/CheckFunctionExists.c.o
/usr/bin/cc   -DCHECK_FUNCTION_EXISTS=pthread_create   -o CMakeFiles/cmTC_6d12d.dir/CheckFunctionExists.c.o   -c /usr/share/cmake-3.10/Modules/CheckFunctionExists.c
Linking C executable cmTC_6d12d
/usr/bin/cmake -E cmake_link_script CMakeFiles/cmTC_6d12d.dir/link.txt --verbose=1
/usr/bin/cc  -DCHECK_FUNCTION_EXISTS=pthread_create    -rdynamic CMakeFiles/cmTC_6d12d.dir/CheckFunctionExists.c.o  -o cmTC_6d12d -lpthreads 
/usr/bin/ld: cannot find -lpthreads
collect2: error: ld returned 1 exit status
CMakeFiles/cmTC_6d12d.dir/build.make:97: recipe for target 'cmTC_6d12d' failed
make[1]: *** [cmTC_6d12d] Error 1
make[1]: Leaving directory '/home/sumitomo/Documents/SumiyomoAGV/sumitomo_ws/build/rosserial_msgs/CMakeFiles/CMakeTmp'
Makefile:126: recipe for target 'cmTC_6d12d/fast' failed
make: *** [cmTC_6d12d/fast] Error 2


