Determining if the pthread_create exist failed with the following output:
Change Dir: /home/sumitomo/Documents/SumiyomoAGV/sumitomo_ws/build/rosserial_arduino/CMakeFiles/CMakeTmp

Run Build Command:"/usr/bin/make" "cmTC_9f31e/fast"
/usr/bin/make -f CMakeFiles/cmTC_9f31e.dir/build.make CMakeFiles/cmTC_9f31e.dir/build
make[1]: Entering directory '/home/sumitomo/Documents/SumiyomoAGV/sumitomo_ws/build/rosserial_arduino/CMakeFiles/CMakeTmp'
Building C object CMakeFiles/cmTC_9f31e.dir/CheckSymbolExists.c.o
/usr/bin/cc    -o CMakeFiles/cmTC_9f31e.dir/CheckSymbolExists.c.o   -c /home/sumitomo/Documents/SumiyomoAGV/sumitomo_ws/build/rosserial_arduino/CMakeFiles/CMakeTmp/CheckSymbolExists.c
Linking C executable cmTC_9f31e
/usr/bin/cmake -E cmake_link_script CMakeFiles/cmTC_9f31e.dir/link.txt --verbose=1
/usr/bin/cc      -rdynamic CMakeFiles/cmTC_9f31e.dir/CheckSymbolExists.c.o  -o cmTC_9f31e 
CMakeFiles/cmTC_9f31e.dir/CheckSymbolExists.c.o: In function `main':
CheckSymbolExists.c:(.text+0x14): undefined reference to `pthread_create'
CheckSymbolExists.c:(.text+0x18): undefined reference to `pthread_create'
collect2: error: ld returned 1 exit status
CMakeFiles/cmTC_9f31e.dir/build.make:97: recipe for target 'cmTC_9f31e' failed
make[1]: *** [cmTC_9f31e] Error 1
make[1]: Leaving directory '/home/sumitomo/Documents/SumiyomoAGV/sumitomo_ws/build/rosserial_arduino/CMakeFiles/CMakeTmp'
Makefile:126: recipe for target 'cmTC_9f31e/fast' failed
make: *** [cmTC_9f31e/fast] Error 2

File /home/sumitomo/Documents/SumiyomoAGV/sumitomo_ws/build/rosserial_arduino/CMakeFiles/CMakeTmp/CheckSymbolExists.c:
/* */
#include <pthread.h>

int main(int argc, char** argv)
{
  (void)argv;
#ifndef pthread_create
  return ((int*)(&pthread_create))[argc];
#else
  (void)argc;
  return 0;
#endif
}

Determining if the function pthread_create exists in the pthreads failed with the following output:
Change Dir: /home/sumitomo/Documents/SumiyomoAGV/sumitomo_ws/build/rosserial_arduino/CMakeFiles/CMakeTmp

Run Build Command:"/usr/bin/make" "cmTC_5e61a/fast"
/usr/bin/make -f CMakeFiles/cmTC_5e61a.dir/build.make CMakeFiles/cmTC_5e61a.dir/build
make[1]: Entering directory '/home/sumitomo/Documents/SumiyomoAGV/sumitomo_ws/build/rosserial_arduino/CMakeFiles/CMakeTmp'
Building C object CMakeFiles/cmTC_5e61a.dir/CheckFunctionExists.c.o
/usr/bin/cc   -DCHECK_FUNCTION_EXISTS=pthread_create   -o CMakeFiles/cmTC_5e61a.dir/CheckFunctionExists.c.o   -c /usr/share/cmake-3.10/Modules/CheckFunctionExists.c
Linking C executable cmTC_5e61a
/usr/bin/cmake -E cmake_link_script CMakeFiles/cmTC_5e61a.dir/link.txt --verbose=1
/usr/bin/cc  -DCHECK_FUNCTION_EXISTS=pthread_create    -rdynamic CMakeFiles/cmTC_5e61a.dir/CheckFunctionExists.c.o  -o cmTC_5e61a -lpthreads 
/usr/bin/ld: cannot find -lpthreads
collect2: error: ld returned 1 exit status
CMakeFiles/cmTC_5e61a.dir/build.make:97: recipe for target 'cmTC_5e61a' failed
make[1]: *** [cmTC_5e61a] Error 1
make[1]: Leaving directory '/home/sumitomo/Documents/SumiyomoAGV/sumitomo_ws/build/rosserial_arduino/CMakeFiles/CMakeTmp'
Makefile:126: recipe for target 'cmTC_5e61a/fast' failed
make: *** [cmTC_5e61a/fast] Error 2


